cannot open log file for this date
this
cannot open log file for this date
this
no experiment plotter function exists for this experiment type. you should add it!
cannot open log file for this date
this
no experiment plotter function exists for this experiment type. you should add it!
no experiment plotter function exists for this experiment type. you should add it!
cannot open log file for this date
this
no experiment plotter function exists for this experiment type. you should add it!
no experiment plotter function exists for this experiment type. you should add it!
no experiment plotter function exists for this experiment type. you should add it!
cannot open log file for this date
this
no experiment plotter function exists for this experiment type. you should add it!
no experiment plotter function exists for this experiment type. you should add it!
no experiment plotter function exists for this experiment type. you should add it!
no experiment plotter function exists for this experiment type. you should add it!
cannot open log file for this date
this
no experiment plotter function exists for this experiment type. you should add it!
no experiment plotter function exists for this experiment type. you should add it!
no experiment plotter function exists for this experiment type. you should add it!
no experiment plotter function exists for this experiment type. you should add it!
no experiment plotter function exists for this experiment type. you should add it!
cannot open log file for this date
this
no experiment plotter function exists for this experiment type. you should add it!
no experiment plotter function exists for this experiment type. you should add it!
no experiment plotter function exists for this experiment type. you should add it!
no experiment plotter function exists for this experiment type. you should add it!
no experiment plotter function exists for this experiment type. you should add it!
no experiment plotter function exists for this experiment type. you should add it!
cannot open log file for this date
this
no experiment plotter function exists for this experiment type. you should add it!
no experiment plotter function exists for this experiment type. you should add it!
no experiment plotter function exists for this experiment type. you should add it!
no experiment plotter function exists for this experiment type. you should add it!
no experiment plotter function exists for this experiment type. you should add it!
no experiment plotter function exists for this experiment type. you should add it!
no experiment plotter function exists for this experiment type. you should add it!
cannot open log file for this date
this
no experiment plotter function exists for this experiment type. you should add it!
no experiment plotter function exists for this experiment type. you should add it!
no experiment plotter function exists for this experiment type. you should add it!
no experiment plotter function exists for this experiment type. you should add it!
no experiment plotter function exists for this experiment type. you should add it!
no experiment plotter function exists for this experiment type. you should add it!
no experiment plotter function exists for this experiment type. you should add it!
no experiment plotter function exists for this experiment type. you should add it!
cannot open log file for this date
this
no experiment plotter function exists for this experiment type. you should add it!
no experiment plotter function exists for this experiment type. you should add it!
no experiment plotter function exists for this experiment type. you should add it!
no experiment plotter function exists for this experiment type. you should add it!
no experiment plotter function exists for this experiment type. you should add it!
no experiment plotter function exists for this experiment type. you should add it!
no experiment plotter function exists for this experiment type. you should add it!
no experiment plotter function exists for this experiment type. you should add it!
no experiment plotter function exists for this experiment type. you should add it!
cannot open log file for this date
this
no experiment plotter function exists for this experiment type. you should add it!
no experiment plotter function exists for this experiment type. you should add it!
no experiment plotter function exists for this experiment type. you should add it!
no experiment plotter function exists for this experiment type. you should add it!
no experiment plotter function exists for this experiment type. you should add it!
no experiment plotter function exists for this experiment type. you should add it!
no experiment plotter function exists for this experiment type. you should add it!
no experiment plotter function exists for this experiment type. you should add it!
no experiment plotter function exists for this experiment type. you should add it!
no experiment plotter function exists for this experiment type. you should add it!
cannot open log file for this date
this
no experiment plotter function exists for this experiment type. you should add it!
no experiment plotter function exists for this experiment type. you should add it!
no experiment plotter function exists for this experiment type. you should add it!
no experiment plotter function exists for this experiment type. you should add it!
no experiment plotter function exists for this experiment type. you should add it!
no experiment plotter function exists for this experiment type. you should add it!
no experiment plotter function exists for this experiment type. you should add it!
no experiment plotter function exists for this experiment type. you should add it!
no experiment plotter function exists for this experiment type. you should add it!
no experiment plotter function exists for this experiment type. you should add it!
no experiment plotter function exists for this experiment type. you should add it!08-Aug-2018 17:46:40
cannot open log file for this date
this
no experiment plotter function exists for this experiment type. you should add it!
no experiment plotter function exists for this experiment type. you should add it!
no experiment plotter function exists for this experiment type. you should add it!
no experiment plotter function exists for this experiment type. you should add it!
no experiment plotter function exists for this experiment type. you should add it!
no experiment plotter function exists for this experiment type. you should add it!
no experiment plotter function exists for this experiment type. you should add it!
no experiment plotter function exists for this experiment type. you should add it!
no experiment plotter function exists for this experiment type. you should add it!
no experiment plotter function exists for this experiment type. you should add it!
no experiment plotter function exists for this experiment type. you should add it!08-Aug-2018 17:46:40
no experiment plotter function exists for this experiment type. you should add it!08-Aug-2018 17:46:41
cannot open log file for this date
this
no experiment plotter function exists for this experiment type. you should add it!
no experiment plotter function exists for this experiment type. you should add it!
no experiment plotter function exists for this experiment type. you should add it!
no experiment plotter function exists for this experiment type. you should add it!
no experiment plotter function exists for this experiment type. you should add it!
no experiment plotter function exists for this experiment type. you should add it!
no experiment plotter function exists for this experiment type. you should add it!
no experiment plotter function exists for this experiment type. you should add it!
no experiment plotter function exists for this experiment type. you should add it!
no experiment plotter function exists for this experiment type. you should add it!
no experiment plotter function exists for this experiment type. you should add it!08-Aug-2018 17:46:40
no experiment plotter function exists for this experiment type. you should add it!08-Aug-2018 17:46:41
no experiment plotter function exists for this experiment type. you should add it!08-Aug-2018 17:46:42
cannot open log file for this date
this
no experiment plotter function exists for this experiment type. you should add it!
no experiment plotter function exists for this experiment type. you should add it!
no experiment plotter function exists for this experiment type. you should add it!
no experiment plotter function exists for this experiment type. you should add it!
no experiment plotter function exists for this experiment type. you should add it!
no experiment plotter function exists for this experiment type. you should add it!
no experiment plotter function exists for this experiment type. you should add it!
no experiment plotter function exists for this experiment type. you should add it!
no experiment plotter function exists for this experiment type. you should add it!
no experiment plotter function exists for this experiment type. you should add it!
no experiment plotter function exists for this experiment type. you should add it!08-Aug-2018 17:46:40
no experiment plotter function exists for this experiment type. you should add it!08-Aug-2018 17:46:41
no experiment plotter function exists for this experiment type. you should add it!08-Aug-2018 17:46:42
no experiment plotter function exists for this experiment type. you should add it!08-Aug-2018 17:46:42
cannot open log file for this date
this
no experiment plotter function exists for this experiment type. you should add it!
no experiment plotter function exists for this experiment type. you should add it!
no experiment plotter function exists for this experiment type. you should add it!
no experiment plotter function exists for this experiment type. you should add it!
no experiment plotter function exists for this experiment type. you should add it!
no experiment plotter function exists for this experiment type. you should add it!
no experiment plotter function exists for this experiment type. you should add it!
no experiment plotter function exists for this experiment type. you should add it!
no experiment plotter function exists for this experiment type. you should add it!
no experiment plotter function exists for this experiment type. you should add it!
no experiment plotter function exists for this experiment type. you should add it!08-Aug-2018 17:46:40
no experiment plotter function exists for this experiment type. you should add it!08-Aug-2018 17:46:41
no experiment plotter function exists for this experiment type. you should add it!08-Aug-2018 17:46:42
no experiment plotter function exists for this experiment type. you should add it!08-Aug-2018 17:46:42
no experiment plotter function exists for this experiment type. you should add it!08-Aug-2018 17:46:43
cannot open log file for this date
this
no experiment plotter function exists for this experiment type. you should add it!
no experiment plotter function exists for this experiment type. you should add it!
no experiment plotter function exists for this experiment type. you should add it!
no experiment plotter function exists for this experiment type. you should add it!
no experiment plotter function exists for this experiment type. you should add it!
no experiment plotter function exists for this experiment type. you should add it!
no experiment plotter function exists for this experiment type. you should add it!
no experiment plotter function exists for this experiment type. you should add it!
no experiment plotter function exists for this experiment type. you should add it!
no experiment plotter function exists for this experiment type. you should add it!
no experiment plotter function exists for this experiment type. you should add it!08-Aug-2018 17:46:40
no experiment plotter function exists for this experiment type. you should add it!08-Aug-2018 17:46:41
no experiment plotter function exists for this experiment type. you should add it!08-Aug-2018 17:46:42
no experiment plotter function exists for this experiment type. you should add it!08-Aug-2018 17:46:42
no experiment plotter function exists for this experiment type. you should add it!08-Aug-2018 17:46:43
no experiment plotter function exists for this experiment type. you should add it!08-Aug-2018 17:46:43
cannot open log file for this date
this
no experiment plotter function exists for this experiment type. you should add it!
no experiment plotter function exists for this experiment type. you should add it!
no experiment plotter function exists for this experiment type. you should add it!
no experiment plotter function exists for this experiment type. you should add it!
no experiment plotter function exists for this experiment type. you should add it!
no experiment plotter function exists for this experiment type. you should add it!
no experiment plotter function exists for this experiment type. you should add it!
no experiment plotter function exists for this experiment type. you should add it!
no experiment plotter function exists for this experiment type. you should add it!
no experiment plotter function exists for this experiment type. you should add it!
no experiment plotter function exists for this experiment type. you should add it!08-Aug-2018 17:46:40
no experiment plotter function exists for this experiment type. you should add it!08-Aug-2018 17:46:41
no experiment plotter function exists for this experiment type. you should add it!08-Aug-2018 17:46:42
no experiment plotter function exists for this experiment type. you should add it!08-Aug-2018 17:46:42
no experiment plotter function exists for this experiment type. you should add it!08-Aug-2018 17:46:43
no experiment plotter function exists for this experiment type. you should add it!08-Aug-2018 17:46:43
no experiment plotter function exists for this experiment type. you should add it!08-Aug-2018 17:46:43
cannot open log file for this date
this
no experiment plotter function exists for this experiment type. you should add it!
no experiment plotter function exists for this experiment type. you should add it!
no experiment plotter function exists for this experiment type. you should add it!
no experiment plotter function exists for this experiment type. you should add it!
no experiment plotter function exists for this experiment type. you should add it!
no experiment plotter function exists for this experiment type. you should add it!
no experiment plotter function exists for this experiment type. you should add it!
no experiment plotter function exists for this experiment type. you should add it!
no experiment plotter function exists for this experiment type. you should add it!
no experiment plotter function exists for this experiment type. you should add it!
no experiment plotter function exists for this experiment type. you should add it!08-Aug-2018 17:46:40
no experiment plotter function exists for this experiment type. you should add it!08-Aug-2018 17:46:41
no experiment plotter function exists for this experiment type. you should add it!08-Aug-2018 17:46:42
no experiment plotter function exists for this experiment type. you should add it!08-Aug-2018 17:46:42
no experiment plotter function exists for this experiment type. you should add it!08-Aug-2018 17:46:43
no experiment plotter function exists for this experiment type. you should add it!08-Aug-2018 17:46:43
no experiment plotter function exists for this experiment type. you should add it!08-Aug-2018 17:46:43
08-Aug-2018 17:47:10no experiment plotter function exists for this experiment type. you should add it!
cannot open log file for this date
this
no experiment plotter function exists for this experiment type. you should add it!
no experiment plotter function exists for this experiment type. you should add it!
no experiment plotter function exists for this experiment type. you should add it!
no experiment plotter function exists for this experiment type. you should add it!
no experiment plotter function exists for this experiment type. you should add it!
no experiment plotter function exists for this experiment type. you should add it!
no experiment plotter function exists for this experiment type. you should add it!
no experiment plotter function exists for this experiment type. you should add it!
no experiment plotter function exists for this experiment type. you should add it!
no experiment plotter function exists for this experiment type. you should add it!
no experiment plotter function exists for this experiment type. you should add it!08-Aug-2018 17:46:40
no experiment plotter function exists for this experiment type. you should add it!08-Aug-2018 17:46:41
no experiment plotter function exists for this experiment type. you should add it!08-Aug-2018 17:46:42
no experiment plotter function exists for this experiment type. you should add it!08-Aug-2018 17:46:42
no experiment plotter function exists for this experiment type. you should add it!08-Aug-2018 17:46:43
no experiment plotter function exists for this experiment type. you should add it!08-Aug-2018 17:46:43
no experiment plotter function exists for this experiment type. you should add it!08-Aug-2018 17:46:43
08-Aug-2018 17:47:10no experiment plotter function exists for this experiment type. you should add it!
08-Aug-2018 17:47:11no experiment plotter function exists for this experiment type. you should add it!
cannot open log file for this date
this
no experiment plotter function exists for this experiment type. you should add it!
no experiment plotter function exists for this experiment type. you should add it!
no experiment plotter function exists for this experiment type. you should add it!
no experiment plotter function exists for this experiment type. you should add it!
no experiment plotter function exists for this experiment type. you should add it!
no experiment plotter function exists for this experiment type. you should add it!
no experiment plotter function exists for this experiment type. you should add it!
no experiment plotter function exists for this experiment type. you should add it!
no experiment plotter function exists for this experiment type. you should add it!
no experiment plotter function exists for this experiment type. you should add it!
no experiment plotter function exists for this experiment type. you should add it!08-Aug-2018 17:46:40
no experiment plotter function exists for this experiment type. you should add it!08-Aug-2018 17:46:41
no experiment plotter function exists for this experiment type. you should add it!08-Aug-2018 17:46:42
no experiment plotter function exists for this experiment type. you should add it!08-Aug-2018 17:46:42
no experiment plotter function exists for this experiment type. you should add it!08-Aug-2018 17:46:43
no experiment plotter function exists for this experiment type. you should add it!08-Aug-2018 17:46:43
no experiment plotter function exists for this experiment type. you should add it!08-Aug-2018 17:46:43
08-Aug-2018 17:47:10no experiment plotter function exists for this experiment type. you should add it!
08-Aug-2018 17:47:11no experiment plotter function exists for this experiment type. you should add it!
08-Aug-2018 17:47:12no experiment plotter function exists for this experiment type. you should add it!
cannot open log file for this date
this
no experiment plotter function exists for this experiment type. you should add it!
no experiment plotter function exists for this experiment type. you should add it!
no experiment plotter function exists for this experiment type. you should add it!
no experiment plotter function exists for this experiment type. you should add it!
no experiment plotter function exists for this experiment type. you should add it!
no experiment plotter function exists for this experiment type. you should add it!
no experiment plotter function exists for this experiment type. you should add it!
no experiment plotter function exists for this experiment type. you should add it!
no experiment plotter function exists for this experiment type. you should add it!
no experiment plotter function exists for this experiment type. you should add it!
no experiment plotter function exists for this experiment type. you should add it!08-Aug-2018 17:46:40
no experiment plotter function exists for this experiment type. you should add it!08-Aug-2018 17:46:41
no experiment plotter function exists for this experiment type. you should add it!08-Aug-2018 17:46:42
no experiment plotter function exists for this experiment type. you should add it!08-Aug-2018 17:46:42
no experiment plotter function exists for this experiment type. you should add it!08-Aug-2018 17:46:43
no experiment plotter function exists for this experiment type. you should add it!08-Aug-2018 17:46:43
no experiment plotter function exists for this experiment type. you should add it!08-Aug-2018 17:46:43
08-Aug-2018 17:47:10no experiment plotter function exists for this experiment type. you should add it!
08-Aug-2018 17:47:11no experiment plotter function exists for this experiment type. you should add it!
08-Aug-2018 17:47:12no experiment plotter function exists for this experiment type. you should add it!
08-Aug-2018 17:47:12no experiment plotter function exists for this experiment type. you should add it!
cannot open log file for this date
this
no experiment plotter function exists for this experiment type. you should add it!
no experiment plotter function exists for this experiment type. you should add it!
no experiment plotter function exists for this experiment type. you should add it!
no experiment plotter function exists for this experiment type. you should add it!
no experiment plotter function exists for this experiment type. you should add it!
no experiment plotter function exists for this experiment type. you should add it!
no experiment plotter function exists for this experiment type. you should add it!
no experiment plotter function exists for this experiment type. you should add it!
no experiment plotter function exists for this experiment type. you should add it!
no experiment plotter function exists for this experiment type. you should add it!
no experiment plotter function exists for this experiment type. you should add it!08-Aug-2018 17:46:40
no experiment plotter function exists for this experiment type. you should add it!08-Aug-2018 17:46:41
no experiment plotter function exists for this experiment type. you should add it!08-Aug-2018 17:46:42
no experiment plotter function exists for this experiment type. you should add it!08-Aug-2018 17:46:42
no experiment plotter function exists for this experiment type. you should add it!08-Aug-2018 17:46:43
no experiment plotter function exists for this experiment type. you should add it!08-Aug-2018 17:46:43
no experiment plotter function exists for this experiment type. you should add it!08-Aug-2018 17:46:43
08-Aug-2018 17:47:10no experiment plotter function exists for this experiment type. you should add it!
08-Aug-2018 17:47:11no experiment plotter function exists for this experiment type. you should add it!
08-Aug-2018 17:47:12no experiment plotter function exists for this experiment type. you should add it!
08-Aug-2018 17:47:12no experiment plotter function exists for this experiment type. you should add it!
08-Aug-2018 17:47:13no experiment plotter function exists for this experiment type. you should add it!
cannot open log file for this date
this
no experiment plotter function exists for this experiment type. you should add it!
no experiment plotter function exists for this experiment type. you should add it!
no experiment plotter function exists for this experiment type. you should add it!
no experiment plotter function exists for this experiment type. you should add it!
no experiment plotter function exists for this experiment type. you should add it!
no experiment plotter function exists for this experiment type. you should add it!
no experiment plotter function exists for this experiment type. you should add it!
no experiment plotter function exists for this experiment type. you should add it!
no experiment plotter function exists for this experiment type. you should add it!
no experiment plotter function exists for this experiment type. you should add it!
no experiment plotter function exists for this experiment type. you should add it!08-Aug-2018 17:46:40
no experiment plotter function exists for this experiment type. you should add it!08-Aug-2018 17:46:41
no experiment plotter function exists for this experiment type. you should add it!08-Aug-2018 17:46:42
no experiment plotter function exists for this experiment type. you should add it!08-Aug-2018 17:46:42
no experiment plotter function exists for this experiment type. you should add it!08-Aug-2018 17:46:43
no experiment plotter function exists for this experiment type. you should add it!08-Aug-2018 17:46:43
no experiment plotter function exists for this experiment type. you should add it!08-Aug-2018 17:46:43
08-Aug-2018 17:47:10no experiment plotter function exists for this experiment type. you should add it!
08-Aug-2018 17:47:11no experiment plotter function exists for this experiment type. you should add it!
08-Aug-2018 17:47:12no experiment plotter function exists for this experiment type. you should add it!
08-Aug-2018 17:47:12no experiment plotter function exists for this experiment type. you should add it!
08-Aug-2018 17:47:13no experiment plotter function exists for this experiment type. you should add it!
08-Aug-2018 17:47:14no experiment plotter function exists for this experiment type. you should add it!
cannot open log file for this date
this
no experiment plotter function exists for this experiment type. you should add it!
no experiment plotter function exists for this experiment type. you should add it!
no experiment plotter function exists for this experiment type. you should add it!
no experiment plotter function exists for this experiment type. you should add it!
no experiment plotter function exists for this experiment type. you should add it!
no experiment plotter function exists for this experiment type. you should add it!
no experiment plotter function exists for this experiment type. you should add it!
no experiment plotter function exists for this experiment type. you should add it!
no experiment plotter function exists for this experiment type. you should add it!
no experiment plotter function exists for this experiment type. you should add it!
no experiment plotter function exists for this experiment type. you should add it!08-Aug-2018 17:46:40
no experiment plotter function exists for this experiment type. you should add it!08-Aug-2018 17:46:41
no experiment plotter function exists for this experiment type. you should add it!08-Aug-2018 17:46:42
no experiment plotter function exists for this experiment type. you should add it!08-Aug-2018 17:46:42
no experiment plotter function exists for this experiment type. you should add it!08-Aug-2018 17:46:43
no experiment plotter function exists for this experiment type. you should add it!08-Aug-2018 17:46:43
no experiment plotter function exists for this experiment type. you should add it!08-Aug-2018 17:46:43
08-Aug-2018 17:47:10no experiment plotter function exists for this experiment type. you should add it!
08-Aug-2018 17:47:11no experiment plotter function exists for this experiment type. you should add it!
08-Aug-2018 17:47:12no experiment plotter function exists for this experiment type. you should add it!
08-Aug-2018 17:47:12no experiment plotter function exists for this experiment type. you should add it!
08-Aug-2018 17:47:13no experiment plotter function exists for this experiment type. you should add it!
08-Aug-2018 17:47:14no experiment plotter function exists for this experiment type. you should add it!
08-Aug-2018 17:47:15no experiment plotter function exists for this experiment type. you should add it!
cannot open log file for this date
this
no experiment plotter function exists for this experiment type. you should add it!
no experiment plotter function exists for this experiment type. you should add it!
no experiment plotter function exists for this experiment type. you should add it!
no experiment plotter function exists for this experiment type. you should add it!
no experiment plotter function exists for this experiment type. you should add it!
no experiment plotter function exists for this experiment type. you should add it!
no experiment plotter function exists for this experiment type. you should add it!
no experiment plotter function exists for this experiment type. you should add it!
no experiment plotter function exists for this experiment type. you should add it!
no experiment plotter function exists for this experiment type. you should add it!
no experiment plotter function exists for this experiment type. you should add it!08-Aug-2018 17:46:40
no experiment plotter function exists for this experiment type. you should add it!08-Aug-2018 17:46:41
no experiment plotter function exists for this experiment type. you should add it!08-Aug-2018 17:46:42
no experiment plotter function exists for this experiment type. you should add it!08-Aug-2018 17:46:42
no experiment plotter function exists for this experiment type. you should add it!08-Aug-2018 17:46:43
no experiment plotter function exists for this experiment type. you should add it!08-Aug-2018 17:46:43
no experiment plotter function exists for this experiment type. you should add it!08-Aug-2018 17:46:43
08-Aug-2018 17:47:10no experiment plotter function exists for this experiment type. you should add it!
08-Aug-2018 17:47:11no experiment plotter function exists for this experiment type. you should add it!
08-Aug-2018 17:47:12no experiment plotter function exists for this experiment type. you should add it!
08-Aug-2018 17:47:12no experiment plotter function exists for this experiment type. you should add it!
08-Aug-2018 17:47:13no experiment plotter function exists for this experiment type. you should add it!
08-Aug-2018 17:47:14no experiment plotter function exists for this experiment type. you should add it!
08-Aug-2018 17:47:15no experiment plotter function exists for this experiment type. you should add it!
08-Aug-2018 17:47:15no experiment plotter function exists for this experiment type. you should add it!
cannot open log file for this date
this
no experiment plotter function exists for this experiment type. you should add it!
no experiment plotter function exists for this experiment type. you should add it!
no experiment plotter function exists for this experiment type. you should add it!
no experiment plotter function exists for this experiment type. you should add it!
no experiment plotter function exists for this experiment type. you should add it!
no experiment plotter function exists for this experiment type. you should add it!
no experiment plotter function exists for this experiment type. you should add it!
no experiment plotter function exists for this experiment type. you should add it!
no experiment plotter function exists for this experiment type. you should add it!
no experiment plotter function exists for this experiment type. you should add it!
no experiment plotter function exists for this experiment type. you should add it!08-Aug-2018 17:46:40
no experiment plotter function exists for this experiment type. you should add it!08-Aug-2018 17:46:41
no experiment plotter function exists for this experiment type. you should add it!08-Aug-2018 17:46:42
no experiment plotter function exists for this experiment type. you should add it!08-Aug-2018 17:46:42
no experiment plotter function exists for this experiment type. you should add it!08-Aug-2018 17:46:43
no experiment plotter function exists for this experiment type. you should add it!08-Aug-2018 17:46:43
no experiment plotter function exists for this experiment type. you should add it!08-Aug-2018 17:46:43
08-Aug-2018 17:47:10no experiment plotter function exists for this experiment type. you should add it!
08-Aug-2018 17:47:11no experiment plotter function exists for this experiment type. you should add it!
08-Aug-2018 17:47:12no experiment plotter function exists for this experiment type. you should add it!
08-Aug-2018 17:47:12no experiment plotter function exists for this experiment type. you should add it!
08-Aug-2018 17:47:13no experiment plotter function exists for this experiment type. you should add it!
08-Aug-2018 17:47:14no experiment plotter function exists for this experiment type. you should add it!
08-Aug-2018 17:47:15no experiment plotter function exists for this experiment type. you should add it!
08-Aug-2018 17:47:15no experiment plotter function exists for this experiment type. you should add it!
08-Aug-2018 17:48:17\tno experiment plotter function exists for this experiment type. you should add it!
cannot open log file for this date
this
no experiment plotter function exists for this experiment type. you should add it!
no experiment plotter function exists for this experiment type. you should add it!
no experiment plotter function exists for this experiment type. you should add it!
no experiment plotter function exists for this experiment type. you should add it!
no experiment plotter function exists for this experiment type. you should add it!
no experiment plotter function exists for this experiment type. you should add it!
no experiment plotter function exists for this experiment type. you should add it!
no experiment plotter function exists for this experiment type. you should add it!
no experiment plotter function exists for this experiment type. you should add it!
no experiment plotter function exists for this experiment type. you should add it!
no experiment plotter function exists for this experiment type. you should add it!08-Aug-2018 17:46:40
no experiment plotter function exists for this experiment type. you should add it!08-Aug-2018 17:46:41
no experiment plotter function exists for this experiment type. you should add it!08-Aug-2018 17:46:42
no experiment plotter function exists for this experiment type. you should add it!08-Aug-2018 17:46:42
no experiment plotter function exists for this experiment type. you should add it!08-Aug-2018 17:46:43
no experiment plotter function exists for this experiment type. you should add it!08-Aug-2018 17:46:43
no experiment plotter function exists for this experiment type. you should add it!08-Aug-2018 17:46:43
08-Aug-2018 17:47:10no experiment plotter function exists for this experiment type. you should add it!
08-Aug-2018 17:47:11no experiment plotter function exists for this experiment type. you should add it!
08-Aug-2018 17:47:12no experiment plotter function exists for this experiment type. you should add it!
08-Aug-2018 17:47:12no experiment plotter function exists for this experiment type. you should add it!
08-Aug-2018 17:47:13no experiment plotter function exists for this experiment type. you should add it!
08-Aug-2018 17:47:14no experiment plotter function exists for this experiment type. you should add it!
08-Aug-2018 17:47:15no experiment plotter function exists for this experiment type. you should add it!
08-Aug-2018 17:47:15no experiment plotter function exists for this experiment type. you should add it!
08-Aug-2018 17:48:17\tno experiment plotter function exists for this experiment type. you should add it!
08-Aug-2018 17:48:18\tno experiment plotter function exists for this experiment type. you should add it!
cannot open log file for this date
this
no experiment plotter function exists for this experiment type. you should add it!
no experiment plotter function exists for this experiment type. you should add it!
no experiment plotter function exists for this experiment type. you should add it!
no experiment plotter function exists for this experiment type. you should add it!
no experiment plotter function exists for this experiment type. you should add it!
no experiment plotter function exists for this experiment type. you should add it!
no experiment plotter function exists for this experiment type. you should add it!
no experiment plotter function exists for this experiment type. you should add it!
no experiment plotter function exists for this experiment type. you should add it!
no experiment plotter function exists for this experiment type. you should add it!
no experiment plotter function exists for this experiment type. you should add it!08-Aug-2018 17:46:40
no experiment plotter function exists for this experiment type. you should add it!08-Aug-2018 17:46:41
no experiment plotter function exists for this experiment type. you should add it!08-Aug-2018 17:46:42
no experiment plotter function exists for this experiment type. you should add it!08-Aug-2018 17:46:42
no experiment plotter function exists for this experiment type. you should add it!08-Aug-2018 17:46:43
no experiment plotter function exists for this experiment type. you should add it!08-Aug-2018 17:46:43
no experiment plotter function exists for this experiment type. you should add it!08-Aug-2018 17:46:43
08-Aug-2018 17:47:10no experiment plotter function exists for this experiment type. you should add it!
08-Aug-2018 17:47:11no experiment plotter function exists for this experiment type. you should add it!
08-Aug-2018 17:47:12no experiment plotter function exists for this experiment type. you should add it!
08-Aug-2018 17:47:12no experiment plotter function exists for this experiment type. you should add it!
08-Aug-2018 17:47:13no experiment plotter function exists for this experiment type. you should add it!
08-Aug-2018 17:47:14no experiment plotter function exists for this experiment type. you should add it!
08-Aug-2018 17:47:15no experiment plotter function exists for this experiment type. you should add it!
08-Aug-2018 17:47:15no experiment plotter function exists for this experiment type. you should add it!
08-Aug-2018 17:48:17\tno experiment plotter function exists for this experiment type. you should add it!
08-Aug-2018 17:48:18\tno experiment plotter function exists for this experiment type. you should add it!
08-Aug-2018 17:48:50 no experiment plotter function exists for this experiment type. you should add it!
cannot open log file for this date
this
no experiment plotter function exists for this experiment type. you should add it!
no experiment plotter function exists for this experiment type. you should add it!
no experiment plotter function exists for this experiment type. you should add it!
no experiment plotter function exists for this experiment type. you should add it!
no experiment plotter function exists for this experiment type. you should add it!
no experiment plotter function exists for this experiment type. you should add it!
no experiment plotter function exists for this experiment type. you should add it!
no experiment plotter function exists for this experiment type. you should add it!
no experiment plotter function exists for this experiment type. you should add it!
no experiment plotter function exists for this experiment type. you should add it!
no experiment plotter function exists for this experiment type. you should add it!08-Aug-2018 17:46:40
no experiment plotter function exists for this experiment type. you should add it!08-Aug-2018 17:46:41
no experiment plotter function exists for this experiment type. you should add it!08-Aug-2018 17:46:42
no experiment plotter function exists for this experiment type. you should add it!08-Aug-2018 17:46:42
no experiment plotter function exists for this experiment type. you should add it!08-Aug-2018 17:46:43
no experiment plotter function exists for this experiment type. you should add it!08-Aug-2018 17:46:43
no experiment plotter function exists for this experiment type. you should add it!08-Aug-2018 17:46:43
08-Aug-2018 17:47:10no experiment plotter function exists for this experiment type. you should add it!
08-Aug-2018 17:47:11no experiment plotter function exists for this experiment type. you should add it!
08-Aug-2018 17:47:12no experiment plotter function exists for this experiment type. you should add it!
08-Aug-2018 17:47:12no experiment plotter function exists for this experiment type. you should add it!
08-Aug-2018 17:47:13no experiment plotter function exists for this experiment type. you should add it!
08-Aug-2018 17:47:14no experiment plotter function exists for this experiment type. you should add it!
08-Aug-2018 17:47:15no experiment plotter function exists for this experiment type. you should add it!
08-Aug-2018 17:47:15no experiment plotter function exists for this experiment type. you should add it!
08-Aug-2018 17:48:17\tno experiment plotter function exists for this experiment type. you should add it!
08-Aug-2018 17:48:18\tno experiment plotter function exists for this experiment type. you should add it!
08-Aug-2018 17:48:50 no experiment plotter function exists for this experiment type. you should add it!
08-Aug-2018 17:48:52 no experiment plotter function exists for this experiment type. you should add it!
cannot open log file for this date
this
no experiment plotter function exists for this experiment type. you should add it!
no experiment plotter function exists for this experiment type. you should add it!
no experiment plotter function exists for this experiment type. you should add it!
no experiment plotter function exists for this experiment type. you should add it!
no experiment plotter function exists for this experiment type. you should add it!
no experiment plotter function exists for this experiment type. you should add it!
no experiment plotter function exists for this experiment type. you should add it!
no experiment plotter function exists for this experiment type. you should add it!
no experiment plotter function exists for this experiment type. you should add it!
no experiment plotter function exists for this experiment type. you should add it!
no experiment plotter function exists for this experiment type. you should add it!08-Aug-2018 17:46:40
no experiment plotter function exists for this experiment type. you should add it!08-Aug-2018 17:46:41
no experiment plotter function exists for this experiment type. you should add it!08-Aug-2018 17:46:42
no experiment plotter function exists for this experiment type. you should add it!08-Aug-2018 17:46:42
no experiment plotter function exists for this experiment type. you should add it!08-Aug-2018 17:46:43
no experiment plotter function exists for this experiment type. you should add it!08-Aug-2018 17:46:43
no experiment plotter function exists for this experiment type. you should add it!08-Aug-2018 17:46:43
08-Aug-2018 17:47:10no experiment plotter function exists for this experiment type. you should add it!
08-Aug-2018 17:47:11no experiment plotter function exists for this experiment type. you should add it!
08-Aug-2018 17:47:12no experiment plotter function exists for this experiment type. you should add it!
08-Aug-2018 17:47:12no experiment plotter function exists for this experiment type. you should add it!
08-Aug-2018 17:47:13no experiment plotter function exists for this experiment type. you should add it!
08-Aug-2018 17:47:14no experiment plotter function exists for this experiment type. you should add it!
08-Aug-2018 17:47:15no experiment plotter function exists for this experiment type. you should add it!
08-Aug-2018 17:47:15no experiment plotter function exists for this experiment type. you should add it!
08-Aug-2018 17:48:17\tno experiment plotter function exists for this experiment type. you should add it!
08-Aug-2018 17:48:18\tno experiment plotter function exists for this experiment type. you should add it!
08-Aug-2018 17:48:50 no experiment plotter function exists for this experiment type. you should add it!
08-Aug-2018 17:48:52 no experiment plotter function exists for this experiment type. you should add it!
08-Aug-2018 17:48:53 no experiment plotter function exists for this experiment type. you should add it!
cannot open log file for this date
this
no experiment plotter function exists for this experiment type. you should add it!
no experiment plotter function exists for this experiment type. you should add it!
no experiment plotter function exists for this experiment type. you should add it!
no experiment plotter function exists for this experiment type. you should add it!
no experiment plotter function exists for this experiment type. you should add it!
no experiment plotter function exists for this experiment type. you should add it!
no experiment plotter function exists for this experiment type. you should add it!
no experiment plotter function exists for this experiment type. you should add it!
no experiment plotter function exists for this experiment type. you should add it!
no experiment plotter function exists for this experiment type. you should add it!
no experiment plotter function exists for this experiment type. you should add it!08-Aug-2018 17:46:40
no experiment plotter function exists for this experiment type. you should add it!08-Aug-2018 17:46:41
no experiment plotter function exists for this experiment type. you should add it!08-Aug-2018 17:46:42
no experiment plotter function exists for this experiment type. you should add it!08-Aug-2018 17:46:42
no experiment plotter function exists for this experiment type. you should add it!08-Aug-2018 17:46:43
no experiment plotter function exists for this experiment type. you should add it!08-Aug-2018 17:46:43
no experiment plotter function exists for this experiment type. you should add it!08-Aug-2018 17:46:43
08-Aug-2018 17:47:10no experiment plotter function exists for this experiment type. you should add it!
08-Aug-2018 17:47:11no experiment plotter function exists for this experiment type. you should add it!
08-Aug-2018 17:47:12no experiment plotter function exists for this experiment type. you should add it!
08-Aug-2018 17:47:12no experiment plotter function exists for this experiment type. you should add it!
08-Aug-2018 17:47:13no experiment plotter function exists for this experiment type. you should add it!
08-Aug-2018 17:47:14no experiment plotter function exists for this experiment type. you should add it!
08-Aug-2018 17:47:15no experiment plotter function exists for this experiment type. you should add it!
08-Aug-2018 17:47:15no experiment plotter function exists for this experiment type. you should add it!
08-Aug-2018 17:48:17\tno experiment plotter function exists for this experiment type. you should add it!
08-Aug-2018 17:48:18\tno experiment plotter function exists for this experiment type. you should add it!
08-Aug-2018 17:48:50 no experiment plotter function exists for this experiment type. you should add it!
08-Aug-2018 17:48:52 no experiment plotter function exists for this experiment type. you should add it!
08-Aug-2018 17:48:53 no experiment plotter function exists for this experiment type. you should add it!
08-Aug-2018 17:48:54 no experiment plotter function exists for this experiment type. you should add it!
cannot open log file for this date
this
no experiment plotter function exists for this experiment type. you should add it!
no experiment plotter function exists for this experiment type. you should add it!
no experiment plotter function exists for this experiment type. you should add it!
no experiment plotter function exists for this experiment type. you should add it!
no experiment plotter function exists for this experiment type. you should add it!
no experiment plotter function exists for this experiment type. you should add it!
no experiment plotter function exists for this experiment type. you should add it!
no experiment plotter function exists for this experiment type. you should add it!
no experiment plotter function exists for this experiment type. you should add it!
no experiment plotter function exists for this experiment type. you should add it!
no experiment plotter function exists for this experiment type. you should add it!08-Aug-2018 17:46:40
no experiment plotter function exists for this experiment type. you should add it!08-Aug-2018 17:46:41
no experiment plotter function exists for this experiment type. you should add it!08-Aug-2018 17:46:42
no experiment plotter function exists for this experiment type. you should add it!08-Aug-2018 17:46:42
no experiment plotter function exists for this experiment type. you should add it!08-Aug-2018 17:46:43
no experiment plotter function exists for this experiment type. you should add it!08-Aug-2018 17:46:43
no experiment plotter function exists for this experiment type. you should add it!08-Aug-2018 17:46:43
08-Aug-2018 17:47:10no experiment plotter function exists for this experiment type. you should add it!
08-Aug-2018 17:47:11no experiment plotter function exists for this experiment type. you should add it!
08-Aug-2018 17:47:12no experiment plotter function exists for this experiment type. you should add it!
08-Aug-2018 17:47:12no experiment plotter function exists for this experiment type. you should add it!
08-Aug-2018 17:47:13no experiment plotter function exists for this experiment type. you should add it!
08-Aug-2018 17:47:14no experiment plotter function exists for this experiment type. you should add it!
08-Aug-2018 17:47:15no experiment plotter function exists for this experiment type. you should add it!
08-Aug-2018 17:47:15no experiment plotter function exists for this experiment type. you should add it!
08-Aug-2018 17:48:17\tno experiment plotter function exists for this experiment type. you should add it!
08-Aug-2018 17:48:18\tno experiment plotter function exists for this experiment type. you should add it!
08-Aug-2018 17:48:50 no experiment plotter function exists for this experiment type. you should add it!
08-Aug-2018 17:48:52 no experiment plotter function exists for this experiment type. you should add it!
08-Aug-2018 17:48:53 no experiment plotter function exists for this experiment type. you should add it!
08-Aug-2018 17:48:54 no experiment plotter function exists for this experiment type. you should add it!
08-Aug-2018 17:49:02|no experiment plotter function exists for this experiment type. you should add it!
cannot open log file for this date
this
no experiment plotter function exists for this experiment type. you should add it!
no experiment plotter function exists for this experiment type. you should add it!
no experiment plotter function exists for this experiment type. you should add it!
no experiment plotter function exists for this experiment type. you should add it!
no experiment plotter function exists for this experiment type. you should add it!
no experiment plotter function exists for this experiment type. you should add it!
no experiment plotter function exists for this experiment type. you should add it!
no experiment plotter function exists for this experiment type. you should add it!
no experiment plotter function exists for this experiment type. you should add it!
no experiment plotter function exists for this experiment type. you should add it!
no experiment plotter function exists for this experiment type. you should add it!08-Aug-2018 17:46:40
no experiment plotter function exists for this experiment type. you should add it!08-Aug-2018 17:46:41
no experiment plotter function exists for this experiment type. you should add it!08-Aug-2018 17:46:42
no experiment plotter function exists for this experiment type. you should add it!08-Aug-2018 17:46:42
no experiment plotter function exists for this experiment type. you should add it!08-Aug-2018 17:46:43
no experiment plotter function exists for this experiment type. you should add it!08-Aug-2018 17:46:43
no experiment plotter function exists for this experiment type. you should add it!08-Aug-2018 17:46:43
08-Aug-2018 17:47:10no experiment plotter function exists for this experiment type. you should add it!
08-Aug-2018 17:47:11no experiment plotter function exists for this experiment type. you should add it!
08-Aug-2018 17:47:12no experiment plotter function exists for this experiment type. you should add it!
08-Aug-2018 17:47:12no experiment plotter function exists for this experiment type. you should add it!
08-Aug-2018 17:47:13no experiment plotter function exists for this experiment type. you should add it!
08-Aug-2018 17:47:14no experiment plotter function exists for this experiment type. you should add it!
08-Aug-2018 17:47:15no experiment plotter function exists for this experiment type. you should add it!
08-Aug-2018 17:47:15no experiment plotter function exists for this experiment type. you should add it!
08-Aug-2018 17:48:17\tno experiment plotter function exists for this experiment type. you should add it!
08-Aug-2018 17:48:18\tno experiment plotter function exists for this experiment type. you should add it!
08-Aug-2018 17:48:50 no experiment plotter function exists for this experiment type. you should add it!
08-Aug-2018 17:48:52 no experiment plotter function exists for this experiment type. you should add it!
08-Aug-2018 17:48:53 no experiment plotter function exists for this experiment type. you should add it!
08-Aug-2018 17:48:54 no experiment plotter function exists for this experiment type. you should add it!
08-Aug-2018 17:49:02|no experiment plotter function exists for this experiment type. you should add it!
08-Aug-2018 17:49:02|no experiment plotter function exists for this experiment type. you should add it!
cannot open log file for this date
this
no experiment plotter function exists for this experiment type. you should add it!
no experiment plotter function exists for this experiment type. you should add it!
no experiment plotter function exists for this experiment type. you should add it!
no experiment plotter function exists for this experiment type. you should add it!
no experiment plotter function exists for this experiment type. you should add it!
no experiment plotter function exists for this experiment type. you should add it!
no experiment plotter function exists for this experiment type. you should add it!
no experiment plotter function exists for this experiment type. you should add it!
no experiment plotter function exists for this experiment type. you should add it!
no experiment plotter function exists for this experiment type. you should add it!
no experiment plotter function exists for this experiment type. you should add it!08-Aug-2018 17:46:40
no experiment plotter function exists for this experiment type. you should add it!08-Aug-2018 17:46:41
no experiment plotter function exists for this experiment type. you should add it!08-Aug-2018 17:46:42
no experiment plotter function exists for this experiment type. you should add it!08-Aug-2018 17:46:42
no experiment plotter function exists for this experiment type. you should add it!08-Aug-2018 17:46:43
no experiment plotter function exists for this experiment type. you should add it!08-Aug-2018 17:46:43
no experiment plotter function exists for this experiment type. you should add it!08-Aug-2018 17:46:43
08-Aug-2018 17:47:10no experiment plotter function exists for this experiment type. you should add it!
08-Aug-2018 17:47:11no experiment plotter function exists for this experiment type. you should add it!
08-Aug-2018 17:47:12no experiment plotter function exists for this experiment type. you should add it!
08-Aug-2018 17:47:12no experiment plotter function exists for this experiment type. you should add it!
08-Aug-2018 17:47:13no experiment plotter function exists for this experiment type. you should add it!
08-Aug-2018 17:47:14no experiment plotter function exists for this experiment type. you should add it!
08-Aug-2018 17:47:15no experiment plotter function exists for this experiment type. you should add it!
08-Aug-2018 17:47:15no experiment plotter function exists for this experiment type. you should add it!
08-Aug-2018 17:48:17\tno experiment plotter function exists for this experiment type. you should add it!
08-Aug-2018 17:48:18\tno experiment plotter function exists for this experiment type. you should add it!
08-Aug-2018 17:48:50 no experiment plotter function exists for this experiment type. you should add it!
08-Aug-2018 17:48:52 no experiment plotter function exists for this experiment type. you should add it!
08-Aug-2018 17:48:53 no experiment plotter function exists for this experiment type. you should add it!
08-Aug-2018 17:48:54 no experiment plotter function exists for this experiment type. you should add it!
08-Aug-2018 17:49:02|no experiment plotter function exists for this experiment type. you should add it!
08-Aug-2018 17:49:02|no experiment plotter function exists for this experiment type. you should add it!
08-Aug-2018 17:49:02|no experiment plotter function exists for this experiment type. you should add it!
cannot open log file for this date
this
no experiment plotter function exists for this experiment type. you should add it!
no experiment plotter function exists for this experiment type. you should add it!
no experiment plotter function exists for this experiment type. you should add it!
no experiment plotter function exists for this experiment type. you should add it!
no experiment plotter function exists for this experiment type. you should add it!
no experiment plotter function exists for this experiment type. you should add it!
no experiment plotter function exists for this experiment type. you should add it!
no experiment plotter function exists for this experiment type. you should add it!
no experiment plotter function exists for this experiment type. you should add it!
no experiment plotter function exists for this experiment type. you should add it!
no experiment plotter function exists for this experiment type. you should add it!08-Aug-2018 17:46:40
no experiment plotter function exists for this experiment type. you should add it!08-Aug-2018 17:46:41
no experiment plotter function exists for this experiment type. you should add it!08-Aug-2018 17:46:42
no experiment plotter function exists for this experiment type. you should add it!08-Aug-2018 17:46:42
no experiment plotter function exists for this experiment type. you should add it!08-Aug-2018 17:46:43
no experiment plotter function exists for this experiment type. you should add it!08-Aug-2018 17:46:43
no experiment plotter function exists for this experiment type. you should add it!08-Aug-2018 17:46:43
08-Aug-2018 17:47:10no experiment plotter function exists for this experiment type. you should add it!
08-Aug-2018 17:47:11no experiment plotter function exists for this experiment type. you should add it!
08-Aug-2018 17:47:12no experiment plotter function exists for this experiment type. you should add it!
08-Aug-2018 17:47:12no experiment plotter function exists for this experiment type. you should add it!
08-Aug-2018 17:47:13no experiment plotter function exists for this experiment type. you should add it!
08-Aug-2018 17:47:14no experiment plotter function exists for this experiment type. you should add it!
08-Aug-2018 17:47:15no experiment plotter function exists for this experiment type. you should add it!
08-Aug-2018 17:47:15no experiment plotter function exists for this experiment type. you should add it!
08-Aug-2018 17:48:17\tno experiment plotter function exists for this experiment type. you should add it!
08-Aug-2018 17:48:18\tno experiment plotter function exists for this experiment type. you should add it!
08-Aug-2018 17:48:50 no experiment plotter function exists for this experiment type. you should add it!
08-Aug-2018 17:48:52 no experiment plotter function exists for this experiment type. you should add it!
08-Aug-2018 17:48:53 no experiment plotter function exists for this experiment type. you should add it!
08-Aug-2018 17:48:54 no experiment plotter function exists for this experiment type. you should add it!
08-Aug-2018 17:49:02|no experiment plotter function exists for this experiment type. you should add it!
08-Aug-2018 17:49:02|no experiment plotter function exists for this experiment type. you should add it!
08-Aug-2018 17:49:02|no experiment plotter function exists for this experiment type. you should add it!
08-Aug-2018 17:49:03|no experiment plotter function exists for this experiment type. you should add it!
cannot open log file for this date
this
no experiment plotter function exists for this experiment type. you should add it!
no experiment plotter function exists for this experiment type. you should add it!
no experiment plotter function exists for this experiment type. you should add it!
no experiment plotter function exists for this experiment type. you should add it!
no experiment plotter function exists for this experiment type. you should add it!
no experiment plotter function exists for this experiment type. you should add it!
no experiment plotter function exists for this experiment type. you should add it!
no experiment plotter function exists for this experiment type. you should add it!
no experiment plotter function exists for this experiment type. you should add it!
no experiment plotter function exists for this experiment type. you should add it!
no experiment plotter function exists for this experiment type. you should add it!08-Aug-2018 17:46:40
no experiment plotter function exists for this experiment type. you should add it!08-Aug-2018 17:46:41
no experiment plotter function exists for this experiment type. you should add it!08-Aug-2018 17:46:42
no experiment plotter function exists for this experiment type. you should add it!08-Aug-2018 17:46:42
no experiment plotter function exists for this experiment type. you should add it!08-Aug-2018 17:46:43
no experiment plotter function exists for this experiment type. you should add it!08-Aug-2018 17:46:43
no experiment plotter function exists for this experiment type. you should add it!08-Aug-2018 17:46:43
08-Aug-2018 17:47:10no experiment plotter function exists for this experiment type. you should add it!
08-Aug-2018 17:47:11no experiment plotter function exists for this experiment type. you should add it!
08-Aug-2018 17:47:12no experiment plotter function exists for this experiment type. you should add it!
08-Aug-2018 17:47:12no experiment plotter function exists for this experiment type. you should add it!
08-Aug-2018 17:47:13no experiment plotter function exists for this experiment type. you should add it!
08-Aug-2018 17:47:14no experiment plotter function exists for this experiment type. you should add it!
08-Aug-2018 17:47:15no experiment plotter function exists for this experiment type. you should add it!
08-Aug-2018 17:47:15no experiment plotter function exists for this experiment type. you should add it!
08-Aug-2018 17:48:17\tno experiment plotter function exists for this experiment type. you should add it!
08-Aug-2018 17:48:18\tno experiment plotter function exists for this experiment type. you should add it!
08-Aug-2018 17:48:50 no experiment plotter function exists for this experiment type. you should add it!
08-Aug-2018 17:48:52 no experiment plotter function exists for this experiment type. you should add it!
08-Aug-2018 17:48:53 no experiment plotter function exists for this experiment type. you should add it!
08-Aug-2018 17:48:54 no experiment plotter function exists for this experiment type. you should add it!
08-Aug-2018 17:49:02|no experiment plotter function exists for this experiment type. you should add it!
08-Aug-2018 17:49:02|no experiment plotter function exists for this experiment type. you should add it!
08-Aug-2018 17:49:02|no experiment plotter function exists for this experiment type. you should add it!
08-Aug-2018 17:49:03|no experiment plotter function exists for this experiment type. you should add it!
08-Aug-2018 17:49:05|no experiment plotter function exists for this experiment type. you should add it!
cannot open log file for this date
this
no experiment plotter function exists for this experiment type. you should add it!
no experiment plotter function exists for this experiment type. you should add it!
no experiment plotter function exists for this experiment type. you should add it!
no experiment plotter function exists for this experiment type. you should add it!
no experiment plotter function exists for this experiment type. you should add it!
no experiment plotter function exists for this experiment type. you should add it!
no experiment plotter function exists for this experiment type. you should add it!
no experiment plotter function exists for this experiment type. you should add it!
no experiment plotter function exists for this experiment type. you should add it!
no experiment plotter function exists for this experiment type. you should add it!
no experiment plotter function exists for this experiment type. you should add it!08-Aug-2018 17:46:40
no experiment plotter function exists for this experiment type. you should add it!08-Aug-2018 17:46:41
no experiment plotter function exists for this experiment type. you should add it!08-Aug-2018 17:46:42
no experiment plotter function exists for this experiment type. you should add it!08-Aug-2018 17:46:42
no experiment plotter function exists for this experiment type. you should add it!08-Aug-2018 17:46:43
no experiment plotter function exists for this experiment type. you should add it!08-Aug-2018 17:46:43
no experiment plotter function exists for this experiment type. you should add it!08-Aug-2018 17:46:43
08-Aug-2018 17:47:10no experiment plotter function exists for this experiment type. you should add it!
08-Aug-2018 17:47:11no experiment plotter function exists for this experiment type. you should add it!
08-Aug-2018 17:47:12no experiment plotter function exists for this experiment type. you should add it!
08-Aug-2018 17:47:12no experiment plotter function exists for this experiment type. you should add it!
08-Aug-2018 17:47:13no experiment plotter function exists for this experiment type. you should add it!
08-Aug-2018 17:47:14no experiment plotter function exists for this experiment type. you should add it!
08-Aug-2018 17:47:15no experiment plotter function exists for this experiment type. you should add it!
08-Aug-2018 17:47:15no experiment plotter function exists for this experiment type. you should add it!
08-Aug-2018 17:48:17\tno experiment plotter function exists for this experiment type. you should add it!
08-Aug-2018 17:48:18\tno experiment plotter function exists for this experiment type. you should add it!
08-Aug-2018 17:48:50 no experiment plotter function exists for this experiment type. you should add it!
08-Aug-2018 17:48:52 no experiment plotter function exists for this experiment type. you should add it!
08-Aug-2018 17:48:53 no experiment plotter function exists for this experiment type. you should add it!
08-Aug-2018 17:48:54 no experiment plotter function exists for this experiment type. you should add it!
08-Aug-2018 17:49:02|no experiment plotter function exists for this experiment type. you should add it!
08-Aug-2018 17:49:02|no experiment plotter function exists for this experiment type. you should add it!
08-Aug-2018 17:49:02|no experiment plotter function exists for this experiment type. you should add it!
08-Aug-2018 17:49:03|no experiment plotter function exists for this experiment type. you should add it!
08-Aug-2018 17:49:05|no experiment plotter function exists for this experiment type. you should add it!
08-Aug-2018 17:49:05|no experiment plotter function exists for this experiment type. you should add it!
cannot open log file for this date
this
no experiment plotter function exists for this experiment type. you should add it!
no experiment plotter function exists for this experiment type. you should add it!
no experiment plotter function exists for this experiment type. you should add it!
no experiment plotter function exists for this experiment type. you should add it!
no experiment plotter function exists for this experiment type. you should add it!
no experiment plotter function exists for this experiment type. you should add it!
no experiment plotter function exists for this experiment type. you should add it!
no experiment plotter function exists for this experiment type. you should add it!
no experiment plotter function exists for this experiment type. you should add it!
no experiment plotter function exists for this experiment type. you should add it!
no experiment plotter function exists for this experiment type. you should add it!08-Aug-2018 17:46:40
no experiment plotter function exists for this experiment type. you should add it!08-Aug-2018 17:46:41
no experiment plotter function exists for this experiment type. you should add it!08-Aug-2018 17:46:42
no experiment plotter function exists for this experiment type. you should add it!08-Aug-2018 17:46:42
no experiment plotter function exists for this experiment type. you should add it!08-Aug-2018 17:46:43
no experiment plotter function exists for this experiment type. you should add it!08-Aug-2018 17:46:43
no experiment plotter function exists for this experiment type. you should add it!08-Aug-2018 17:46:43
08-Aug-2018 17:47:10no experiment plotter function exists for this experiment type. you should add it!
08-Aug-2018 17:47:11no experiment plotter function exists for this experiment type. you should add it!
08-Aug-2018 17:47:12no experiment plotter function exists for this experiment type. you should add it!
08-Aug-2018 17:47:12no experiment plotter function exists for this experiment type. you should add it!
08-Aug-2018 17:47:13no experiment plotter function exists for this experiment type. you should add it!
08-Aug-2018 17:47:14no experiment plotter function exists for this experiment type. you should add it!
08-Aug-2018 17:47:15no experiment plotter function exists for this experiment type. you should add it!
08-Aug-2018 17:47:15no experiment plotter function exists for this experiment type. you should add it!
08-Aug-2018 17:48:17\tno experiment plotter function exists for this experiment type. you should add it!
08-Aug-2018 17:48:18\tno experiment plotter function exists for this experiment type. you should add it!
08-Aug-2018 17:48:50 no experiment plotter function exists for this experiment type. you should add it!
08-Aug-2018 17:48:52 no experiment plotter function exists for this experiment type. you should add it!
08-Aug-2018 17:48:53 no experiment plotter function exists for this experiment type. you should add it!
08-Aug-2018 17:48:54 no experiment plotter function exists for this experiment type. you should add it!
08-Aug-2018 17:49:02|no experiment plotter function exists for this experiment type. you should add it!
08-Aug-2018 17:49:02|no experiment plotter function exists for this experiment type. you should add it!
08-Aug-2018 17:49:02|no experiment plotter function exists for this experiment type. you should add it!
08-Aug-2018 17:49:03|no experiment plotter function exists for this experiment type. you should add it!
08-Aug-2018 17:49:05|no experiment plotter function exists for this experiment type. you should add it!
08-Aug-2018 17:49:05|no experiment plotter function exists for this experiment type. you should add it!
08-Aug-2018 17:49:40	no experiment plotter function exists for this experiment type. you should add it!
cannot open log file for this date
this
no experiment plotter function exists for this experiment type. you should add it!
no experiment plotter function exists for this experiment type. you should add it!
no experiment plotter function exists for this experiment type. you should add it!
no experiment plotter function exists for this experiment type. you should add it!
no experiment plotter function exists for this experiment type. you should add it!
no experiment plotter function exists for this experiment type. you should add it!
no experiment plotter function exists for this experiment type. you should add it!
no experiment plotter function exists for this experiment type. you should add it!
no experiment plotter function exists for this experiment type. you should add it!
no experiment plotter function exists for this experiment type. you should add it!
no experiment plotter function exists for this experiment type. you should add it!08-Aug-2018 17:46:40
no experiment plotter function exists for this experiment type. you should add it!08-Aug-2018 17:46:41
no experiment plotter function exists for this experiment type. you should add it!08-Aug-2018 17:46:42
no experiment plotter function exists for this experiment type. you should add it!08-Aug-2018 17:46:42
no experiment plotter function exists for this experiment type. you should add it!08-Aug-2018 17:46:43
no experiment plotter function exists for this experiment type. you should add it!08-Aug-2018 17:46:43
no experiment plotter function exists for this experiment type. you should add it!08-Aug-2018 17:46:43
08-Aug-2018 17:47:10no experiment plotter function exists for this experiment type. you should add it!
08-Aug-2018 17:47:11no experiment plotter function exists for this experiment type. you should add it!
08-Aug-2018 17:47:12no experiment plotter function exists for this experiment type. you should add it!
08-Aug-2018 17:47:12no experiment plotter function exists for this experiment type. you should add it!
08-Aug-2018 17:47:13no experiment plotter function exists for this experiment type. you should add it!
08-Aug-2018 17:47:14no experiment plotter function exists for this experiment type. you should add it!
08-Aug-2018 17:47:15no experiment plotter function exists for this experiment type. you should add it!
08-Aug-2018 17:47:15no experiment plotter function exists for this experiment type. you should add it!
08-Aug-2018 17:48:17\tno experiment plotter function exists for this experiment type. you should add it!
08-Aug-2018 17:48:18\tno experiment plotter function exists for this experiment type. you should add it!
08-Aug-2018 17:48:50 no experiment plotter function exists for this experiment type. you should add it!
08-Aug-2018 17:48:52 no experiment plotter function exists for this experiment type. you should add it!
08-Aug-2018 17:48:53 no experiment plotter function exists for this experiment type. you should add it!
08-Aug-2018 17:48:54 no experiment plotter function exists for this experiment type. you should add it!
08-Aug-2018 17:49:02|no experiment plotter function exists for this experiment type. you should add it!
08-Aug-2018 17:49:02|no experiment plotter function exists for this experiment type. you should add it!
08-Aug-2018 17:49:02|no experiment plotter function exists for this experiment type. you should add it!
08-Aug-2018 17:49:03|no experiment plotter function exists for this experiment type. you should add it!
08-Aug-2018 17:49:05|no experiment plotter function exists for this experiment type. you should add it!
08-Aug-2018 17:49:05|no experiment plotter function exists for this experiment type. you should add it!
08-Aug-2018 17:49:40	no experiment plotter function exists for this experiment type. you should add it!
08-Aug-2018 17:49:41	no experiment plotter function exists for this experiment type. you should add it!
cannot open log file for this date
this
no experiment plotter function exists for this experiment type. you should add it!
no experiment plotter function exists for this experiment type. you should add it!
no experiment plotter function exists for this experiment type. you should add it!
no experiment plotter function exists for this experiment type. you should add it!
no experiment plotter function exists for this experiment type. you should add it!
no experiment plotter function exists for this experiment type. you should add it!
no experiment plotter function exists for this experiment type. you should add it!
no experiment plotter function exists for this experiment type. you should add it!
no experiment plotter function exists for this experiment type. you should add it!
no experiment plotter function exists for this experiment type. you should add it!
no experiment plotter function exists for this experiment type. you should add it!08-Aug-2018 17:46:40
no experiment plotter function exists for this experiment type. you should add it!08-Aug-2018 17:46:41
no experiment plotter function exists for this experiment type. you should add it!08-Aug-2018 17:46:42
no experiment plotter function exists for this experiment type. you should add it!08-Aug-2018 17:46:42
no experiment plotter function exists for this experiment type. you should add it!08-Aug-2018 17:46:43
no experiment plotter function exists for this experiment type. you should add it!08-Aug-2018 17:46:43
no experiment plotter function exists for this experiment type. you should add it!08-Aug-2018 17:46:43
08-Aug-2018 17:47:10no experiment plotter function exists for this experiment type. you should add it!
08-Aug-2018 17:47:11no experiment plotter function exists for this experiment type. you should add it!
08-Aug-2018 17:47:12no experiment plotter function exists for this experiment type. you should add it!
08-Aug-2018 17:47:12no experiment plotter function exists for this experiment type. you should add it!
08-Aug-2018 17:47:13no experiment plotter function exists for this experiment type. you should add it!
08-Aug-2018 17:47:14no experiment plotter function exists for this experiment type. you should add it!
08-Aug-2018 17:47:15no experiment plotter function exists for this experiment type. you should add it!
08-Aug-2018 17:47:15no experiment plotter function exists for this experiment type. you should add it!
08-Aug-2018 17:48:17\tno experiment plotter function exists for this experiment type. you should add it!
08-Aug-2018 17:48:18\tno experiment plotter function exists for this experiment type. you should add it!
08-Aug-2018 17:48:50 no experiment plotter function exists for this experiment type. you should add it!
08-Aug-2018 17:48:52 no experiment plotter function exists for this experiment type. you should add it!
08-Aug-2018 17:48:53 no experiment plotter function exists for this experiment type. you should add it!
08-Aug-2018 17:48:54 no experiment plotter function exists for this experiment type. you should add it!
08-Aug-2018 17:49:02|no experiment plotter function exists for this experiment type. you should add it!
08-Aug-2018 17:49:02|no experiment plotter function exists for this experiment type. you should add it!
08-Aug-2018 17:49:02|no experiment plotter function exists for this experiment type. you should add it!
08-Aug-2018 17:49:03|no experiment plotter function exists for this experiment type. you should add it!
08-Aug-2018 17:49:05|no experiment plotter function exists for this experiment type. you should add it!
08-Aug-2018 17:49:05|no experiment plotter function exists for this experiment type. you should add it!
08-Aug-2018 17:49:40	no experiment plotter function exists for this experiment type. you should add it!
08-Aug-2018 17:49:41	no experiment plotter function exists for this experiment type. you should add it!
08-Aug-2018 17:49:43	no experiment plotter function exists for this experiment type. you should add it!
cannot open log file for this date
this
no experiment plotter function exists for this experiment type. you should add it!
no experiment plotter function exists for this experiment type. you should add it!
no experiment plotter function exists for this experiment type. you should add it!
no experiment plotter function exists for this experiment type. you should add it!
no experiment plotter function exists for this experiment type. you should add it!
no experiment plotter function exists for this experiment type. you should add it!
no experiment plotter function exists for this experiment type. you should add it!
no experiment plotter function exists for this experiment type. you should add it!
no experiment plotter function exists for this experiment type. you should add it!
no experiment plotter function exists for this experiment type. you should add it!
no experiment plotter function exists for this experiment type. you should add it!08-Aug-2018 17:46:40
no experiment plotter function exists for this experiment type. you should add it!08-Aug-2018 17:46:41
no experiment plotter function exists for this experiment type. you should add it!08-Aug-2018 17:46:42
no experiment plotter function exists for this experiment type. you should add it!08-Aug-2018 17:46:42
no experiment plotter function exists for this experiment type. you should add it!08-Aug-2018 17:46:43
no experiment plotter function exists for this experiment type. you should add it!08-Aug-2018 17:46:43
no experiment plotter function exists for this experiment type. you should add it!08-Aug-2018 17:46:43
08-Aug-2018 17:47:10no experiment plotter function exists for this experiment type. you should add it!
08-Aug-2018 17:47:11no experiment plotter function exists for this experiment type. you should add it!
08-Aug-2018 17:47:12no experiment plotter function exists for this experiment type. you should add it!
08-Aug-2018 17:47:12no experiment plotter function exists for this experiment type. you should add it!
08-Aug-2018 17:47:13no experiment plotter function exists for this experiment type. you should add it!
08-Aug-2018 17:47:14no experiment plotter function exists for this experiment type. you should add it!
08-Aug-2018 17:47:15no experiment plotter function exists for this experiment type. you should add it!
08-Aug-2018 17:47:15no experiment plotter function exists for this experiment type. you should add it!
08-Aug-2018 17:48:17\tno experiment plotter function exists for this experiment type. you should add it!
08-Aug-2018 17:48:18\tno experiment plotter function exists for this experiment type. you should add it!
08-Aug-2018 17:48:50 no experiment plotter function exists for this experiment type. you should add it!
08-Aug-2018 17:48:52 no experiment plotter function exists for this experiment type. you should add it!
08-Aug-2018 17:48:53 no experiment plotter function exists for this experiment type. you should add it!
08-Aug-2018 17:48:54 no experiment plotter function exists for this experiment type. you should add it!
08-Aug-2018 17:49:02|no experiment plotter function exists for this experiment type. you should add it!
08-Aug-2018 17:49:02|no experiment plotter function exists for this experiment type. you should add it!
08-Aug-2018 17:49:02|no experiment plotter function exists for this experiment type. you should add it!
08-Aug-2018 17:49:03|no experiment plotter function exists for this experiment type. you should add it!
08-Aug-2018 17:49:05|no experiment plotter function exists for this experiment type. you should add it!
08-Aug-2018 17:49:05|no experiment plotter function exists for this experiment type. you should add it!
08-Aug-2018 17:49:40	no experiment plotter function exists for this experiment type. you should add it!
08-Aug-2018 17:49:41	no experiment plotter function exists for this experiment type. you should add it!
08-Aug-2018 17:49:43	no experiment plotter function exists for this experiment type. you should add it!
08-Aug-2018 17:49:43	no experiment plotter function exists for this experiment type. you should add it!
cannot open log file for this date
this
no experiment plotter function exists for this experiment type. you should add it!
no experiment plotter function exists for this experiment type. you should add it!
no experiment plotter function exists for this experiment type. you should add it!
no experiment plotter function exists for this experiment type. you should add it!
no experiment plotter function exists for this experiment type. you should add it!
no experiment plotter function exists for this experiment type. you should add it!
no experiment plotter function exists for this experiment type. you should add it!
no experiment plotter function exists for this experiment type. you should add it!
no experiment plotter function exists for this experiment type. you should add it!
no experiment plotter function exists for this experiment type. you should add it!
no experiment plotter function exists for this experiment type. you should add it!08-Aug-2018 17:46:40
no experiment plotter function exists for this experiment type. you should add it!08-Aug-2018 17:46:41
no experiment plotter function exists for this experiment type. you should add it!08-Aug-2018 17:46:42
no experiment plotter function exists for this experiment type. you should add it!08-Aug-2018 17:46:42
no experiment plotter function exists for this experiment type. you should add it!08-Aug-2018 17:46:43
no experiment plotter function exists for this experiment type. you should add it!08-Aug-2018 17:46:43
no experiment plotter function exists for this experiment type. you should add it!08-Aug-2018 17:46:43
08-Aug-2018 17:47:10no experiment plotter function exists for this experiment type. you should add it!
08-Aug-2018 17:47:11no experiment plotter function exists for this experiment type. you should add it!
08-Aug-2018 17:47:12no experiment plotter function exists for this experiment type. you should add it!
08-Aug-2018 17:47:12no experiment plotter function exists for this experiment type. you should add it!
08-Aug-2018 17:47:13no experiment plotter function exists for this experiment type. you should add it!
08-Aug-2018 17:47:14no experiment plotter function exists for this experiment type. you should add it!
08-Aug-2018 17:47:15no experiment plotter function exists for this experiment type. you should add it!
08-Aug-2018 17:47:15no experiment plotter function exists for this experiment type. you should add it!
08-Aug-2018 17:48:17\tno experiment plotter function exists for this experiment type. you should add it!
08-Aug-2018 17:48:18\tno experiment plotter function exists for this experiment type. you should add it!
08-Aug-2018 17:48:50 no experiment plotter function exists for this experiment type. you should add it!
08-Aug-2018 17:48:52 no experiment plotter function exists for this experiment type. you should add it!
08-Aug-2018 17:48:53 no experiment plotter function exists for this experiment type. you should add it!
08-Aug-2018 17:48:54 no experiment plotter function exists for this experiment type. you should add it!
08-Aug-2018 17:49:02|no experiment plotter function exists for this experiment type. you should add it!
08-Aug-2018 17:49:02|no experiment plotter function exists for this experiment type. you should add it!
08-Aug-2018 17:49:02|no experiment plotter function exists for this experiment type. you should add it!
08-Aug-2018 17:49:03|no experiment plotter function exists for this experiment type. you should add it!
08-Aug-2018 17:49:05|no experiment plotter function exists for this experiment type. you should add it!
08-Aug-2018 17:49:05|no experiment plotter function exists for this experiment type. you should add it!
08-Aug-2018 17:49:40	no experiment plotter function exists for this experiment type. you should add it!
08-Aug-2018 17:49:41	no experiment plotter function exists for this experiment type. you should add it!
08-Aug-2018 17:49:43	no experiment plotter function exists for this experiment type. you should add it!
08-Aug-2018 17:49:43	no experiment plotter function exists for this experiment type. you should add it!
08-Aug-2018 17:49:44	no experiment plotter function exists for this experiment type. you should add it!
cannot open log file for this date
08-Aug-2018 17:57:17	this
cannot open log file for this date
08-Aug-2018 17:57:17	this
08-Aug-2018 17:57:33	no experiment plotter function exists for this experiment type. you should add it!
cannot open log file for this date
08-Aug-2018 17:57:17	this
08-Aug-2018 17:57:33	no experiment plotter function exists for this experiment type. you should add it!
08-Aug-2018 17:57:40	no experiment plotter function exists for this experiment type. you should add it!
